============================================================
Module 02: Event Study (2×T Design)
California Proposition 99 (1988) - Tobacco Tax
============================================================

[1] Loading California Prop 99 smoking data...

Dataset shape: (1209, 8)
Years: 1970 - 2000
States: 39
Treatment group (California): ['California']

[2] Visualizing raw trends...
Saved: /Users/pranjal/Code/did_designs/02_event_study_2xT/figs/raw_trends.png

============================================================
[3] Manual Event Study: Looping 2×2 DiD Over Time
============================================================

Reference year: 1987
Treatment year: 1988

For each year t, we calculate:
  ATT(t) = [Δ_CA(t vs ref)] - [Δ_Control(t vs ref)]

------------------------------------------------------------
Event Study Coefficients (Manual Calculation)
------------------------------------------------------------
 year  event_time        att       se
 1970         -18  23.002631 5.438194
 1971         -17  17.223685 5.693972
 1972         -16  14.407895 6.313842
 1973         -15  12.947371 6.256387
 1974         -14  12.118419 6.075924
 1975         -13  10.255262 6.101038
 1976         -12   6.826316 6.414139
 1977         -11   5.397372 5.972177
 1978         -10   5.713157 5.493755
 1979          -9   3.900002 5.123685
 1980          -8   2.197366 4.874353
 1981          -7   0.699999 4.683603
 1982          -6  -0.807892 4.681692
 1983          -5  -0.363155 4.451678
 1984          -4  -0.015786 3.967074
 1985          -3  -0.228944 3.810410
 1986          -2  -0.807897 3.816239
 1987          -1   0.000000 0.000000
 1988           0  -3.636843 3.986864
 1989           1  -7.176314 3.830003
 1990           2  -7.778944 3.814245
 1991           3 -15.555265 3.433254
 1992           4 -15.807894 3.483099
 1993           5 -19.207892 3.435539
 1994           6 -23.431580 3.454592
 1995           7 -26.671050 3.836016
 1996           8 -26.597368 3.908774
 1997           9 -27.902632 4.232661
 1998          10 -28.571052 4.193805
 1999          11 -30.307893 4.154206
 2000          12 -30.447370 3.877900

============================================================
[4] Regression Event Study
============================================================

Regression model: Y ~ Σ(D × Year_t) + Year_FE + D
R-squared: 0.2566

============================================================
[5] Comparison: Manual vs Regression
============================================================

 year  att_manual  att_regression
 1970   23.002631       23.002631
 1971   17.223685       17.223685
 1972   14.407895       14.407895
 1973   12.947371       12.947371
 1974   12.118419       12.118419
 1975   10.255262       10.255262
 1976    6.826316        6.826316
 1977    5.397372        5.397372
 1978    5.713157        5.713157
 1979    3.900002        3.900002
 1980    2.197366        2.197366
 1981    0.699999        0.699999
 1982   -0.807892       -0.807892
 1983   -0.363155       -0.363155
 1984   -0.015786       -0.015786
 1985   -0.228944       -0.228944
 1986   -0.807897       -0.807897
 1987    0.000000        0.000000
 1988   -3.636843       -3.636843
 1989   -7.176314       -7.176314
 1990   -7.778944       -7.778944
 1991  -15.555265      -15.555265
 1992  -15.807894      -15.807894
 1993  -19.207892      -19.207892
 1994  -23.431580      -23.431580
 1995  -26.671050      -26.671050
 1996  -26.597368      -26.597368
 1997  -27.902632      -27.902632
 1998  -28.571052      -28.571052
 1999  -30.307893      -30.307893
 2000  -30.447370      -30.447370

Correlation between methods: 1.000000

============================================================
[6] Pre-Trends Test
============================================================

Pre-treatment coefficients (should be ~0 if parallel trends hold):
 year  event_time       att       se
 1970         -18 23.002631 5.438194
 1971         -17 17.223685 5.693972
 1972         -16 14.407895 6.313842
 1973         -15 12.947371 6.256387
 1974         -14 12.118419 6.075924
 1975         -13 10.255262 6.101038
 1976         -12  6.826316 6.414139
 1977         -11  5.397372 5.972177
 1978         -10  5.713157 5.493755
 1979          -9  3.900002 5.123685
 1980          -8  2.197366 4.874353
 1981          -7  0.699999 4.683603
 1982          -6 -0.807892 4.681692
 1983          -5 -0.363155 4.451678
 1984          -4 -0.015786 3.967074
 1985          -3 -0.228944 3.810410
 1986          -2 -0.807897 3.816239
 1987          -1  0.000000 0.000000

Mean of pre-period ATTs: 6.2481
Std of pre-period ATTs: 6.9949

============================================================
[7] Creating The Ultimate Event Study Visual
============================================================
Saved: /Users/pranjal/Code/did_designs/02_event_study_2xT/figs/event_study_showcase.png

============================================================
[8] Interpretation
============================================================

Event Study Results for California Prop 99:

PRE-TRENDS (Event time < 0):
    - Average pre-period ATT: 6.25 packs
    - Pre-period coefficients are NOT close to zero
    - Parallel trends assumption: QUESTIONABLE

POST-TREATMENT EFFECTS (Event time >= 0):
    - Average post-period ATT: -20.24 packs
    - Effect direction: NEGATIVE (reduction in smoking)
    - Effect grows over time: YES

INTERPRETATION:
    The tobacco tax reduced cigarette consumption in California by
    approximately 20 packs per capita on average,
    with the effect growing stronger over time.

KEY INSIGHT:
    Each coefficient is a 2×2 DiD comparing that year to 1987.
    The event study is just a series of 2×2 comparisons.
    

============================================================
Module 02 Complete!
============================================================
